# JRE version: Java(TM) SE Runtime Environment (25.0.2+10) (build 25.0.2+10-LTS-69)
# Java VM: Java HotSpot(TM) 64-Bit Server VM (25.0.2+10-LTS-69, mixed mode, sharing, tiered, compressed oops, compressed class ptrs, g1 gc, windows-amd64)
GC Precious Log:
 CardTable entry size: 512
 Card Set container configuration: InlinePtr #cards 4 size 8 Array Of Cards #cards 32 size 80 Howl #buckets 8 coarsen threshold 7372 Howl Bitmap #cards 1024 size 144 coarsen threshold 921 Card regions per heap region 1 cards per card region 8192
 CPUs: 8 total, 8 available
 Memory: 24270M
 Large Page Support: Disabled
 NUMA Support: Disabled
 Compressed Oops: Enabled (Zero based)
 Heap Region Size: 4M
 Heap Min Capacity: 8M
 Heap Initial Capacity: 380M
 Heap Max Capacity: 6068M
 Pre-touch: Disabled
 Parallel Workers: 8
 Concurrent Workers: 2
 Concurrent Refinement Workers: 8
 Periodic GC: Disabled
Heap:
 garbage-first heap   total reserved 6213632K, committed 69632K, used 47754K [0x0000000684c00000, 0x0000000800000000)
  region size 4096K, 9 young (36864K), 2 survivors (8192K)
GC Heap Usage History (20 events):
Event: 8.078 {heap Before GC invocations=4 (full 0):
 garbage-first heap   total reserved 6213632K, committed 57344K, used 52651K [0x0000000684c00000, 0x0000000800000000)
  region size 4096K, 13 young (53248K), 3 survivors (12288K)
}
Event: 8.092 {heap After GC invocations=5 (full 0):
 garbage-first heap   total reserved 6213632K, committed 69632K, used 12423K [0x0000000684c00000, 0x0000000800000000)
  region size 4096K, 3 young (12288K), 3 survivors (12288K)
}
Event: 8.940 {heap Before GC invocations=5 (full 0):
 garbage-first heap   total reserved 6213632K, committed 69632K, used 41095K [0x0000000684c00000, 0x0000000800000000)
  region size 4096K, 10 young (40960K), 3 survivors (12288K)
}
Event: 8.967 {heap After GC invocations=6 (full 0):
 garbage-first heap   total reserved 6213632K, committed 69632K, used 12546K [0x0000000684c00000, 0x0000000800000000)
  region size 4096K, 1 young (4096K), 1 survivors (4096K)
}
Event: 9.888 {heap Before GC invocations=6 (full 0):
 garbage-first heap   total reserved 6213632K, committed 69632K, used 49410K [0x0000000684c00000, 0x0000000800000000)
  region size 4096K, 10 young (40960K), 1 survivors (4096K)
}
Event: 9.900 {heap After GC invocations=7 (full 0):
 garbage-first heap   total reserved 6213632K, committed 69632K, used 13538K [0x0000000684c00000, 0x0000000800000000)
  region size 4096K, 2 young (8192K), 2 survivors (8192K)
}
Event: 10.604 {heap Before GC invocations=7 (full 0):
 garbage-first heap   total reserved 6213632K, committed 69632K, used 46306K [0x0000000684c00000, 0x0000000800000000)
  region size 4096K, 10 young (40960K), 2 survivors (8192K)
}
Event: 10.621 {heap After GC invocations=8 (full 0):
 garbage-first heap   total reserved 6213632K, committed 229376K, used 14136K [0x0000000684c00000, 0x0000000800000000)
  region size 4096K, 1 young (4096K), 1 survivors (4096K)
}
Event: 17.891 {heap Before GC invocations=8 (full 0):
 garbage-first heap   total reserved 6213632K, committed 229376K, used 141112K [0x0000000684c00000, 0x0000000800000000)
  region size 4096K, 33 young (135168K), 1 survivors (4096K)
}
Event: 17.901 {heap After GC invocations=9 (full 0):
 garbage-first heap   total reserved 6213632K, committed 229376K, used 17568K [0x0000000684c00000, 0x0000000800000000)
  region size 4096K, 2 young (8192K), 2 survivors (8192K)
}
Event: 20.049 {heap Before GC invocations=10 (full 0):
 garbage-first heap   total reserved 6213632K, committed 69632K, used 50336K [0x0000000684c00000, 0x0000000800000000)
  region size 4096K, 10 young (40960K), 2 survivors (8192K)
}
Event: 20.059 {heap After GC invocations=11 (full 0):
 garbage-first heap   total reserved 6213632K, committed 69632K, used 19108K [0x0000000684c00000, 0x0000000800000000)
  region size 4096K, 2 young (8192K), 2 survivors (8192K)
}
Event: 28.056 {heap Before GC invocations=11 (full 0):
 garbage-first heap   total reserved 6213632K, committed 69632K, used 51876K [0x0000000684c00000, 0x0000000800000000)
  region size 4096K, 10 young (40960K), 2 survivors (8192K)
}
Event: 28.064 {heap After GC invocations=12 (full 0):
 garbage-first heap   total reserved 6213632K, committed 69632K, used 20539K [0x0000000684c00000, 0x0000000800000000)
  region size 4096K, 1 young (4096K), 1 survivors (4096K)
}
Event: 29.917 {heap Before GC invocations=12 (full 0):
 garbage-first heap   total reserved 6213632K, committed 69632K, used 57403K [0x0000000684c00000, 0x0000000800000000)
  region size 4096K, 10 young (40960K), 1 survivors (4096K)
}
Event: 29.923 {heap After GC invocations=13 (full 0):
 garbage-first heap   total reserved 6213632K, committed 69632K, used 21751K [0x0000000684c00000, 0x0000000800000000)
  region size 4096K, 2 young (8192K), 2 survivors (8192K)
}
Event: 32.250 {heap Before GC invocations=13 (full 0):
 garbage-first heap   total reserved 6213632K, committed 69632K, used 54519K [0x0000000684c00000, 0x0000000800000000)
  region size 4096K, 10 young (40960K), 2 survivors (8192K)
}
Event: 32.258 {heap After GC invocations=14 (full 0):
 garbage-first heap   total reserved 6213632K, committed 69632K, used 22422K [0x0000000684c00000, 0x0000000800000000)
  region size 4096K, 2 young (8192K), 2 survivors (8192K)
}
Event: 34.339 {heap Before GC invocations=14 (full 0):
 garbage-first heap   total reserved 6213632K, committed 69632K, used 38806K [0x0000000684c00000, 0x0000000800000000)
  region size 4096K, 7 young (28672K), 2 survivors (8192K)
}
Event: 34.348 {heap After GC invocations=15 (full 0):
 garbage-first heap   total reserved 6213632K, committed 69632K, used 23178K [0x0000000684c00000, 0x0000000800000000)
  region size 4096K, 2 young (8192K), 2 survivors (8192K)
}

