# JRE version: Java(TM) SE Runtime Environment (25.0.2+10) (build 25.0.2+10-LTS-69)
# Java VM: Java HotSpot(TM) 64-Bit Server VM (25.0.2+10-LTS-69, mixed mode, sharing, tiered, compressed oops, compressed class ptrs, g1 gc, windows-amd64)
GC Precious Log:
 CardTable entry size: 512
 Card Set container configuration: InlinePtr #cards 4 size 8 Array Of Cards #cards 32 size 80 Howl #buckets 8 coarsen threshold 7372 Howl Bitmap #cards 1024 size 144 coarsen threshold 921 Card regions per heap region 1 cards per card region 8192
 CPUs: 8 total, 8 available
 Memory: 24270M
 Large Page Support: Disabled
 NUMA Support: Disabled
 Compressed Oops: Enabled (Zero based)
 Heap Region Size: 4M
 Heap Min Capacity: 8M
 Heap Initial Capacity: 380M
 Heap Max Capacity: 6068M
 Pre-touch: Disabled
 Parallel Workers: 8
 Concurrent Workers: 2
 Concurrent Refinement Workers: 8
 Periodic GC: Disabled
Heap:
 garbage-first heap   total reserved 6213632K, committed 69632K, used 14266K [0x0000000684c00000, 0x0000000800000000)
  region size 4096K, 2 young (8192K), 1 survivors (4096K)
GC Heap Usage History (12 events):
Event: 3.338 {heap Before GC invocations=0 (full 0):
 garbage-first heap   total reserved 6213632K, committed 393216K, used 50325K [0x0000000684c00000, 0x0000000800000000)
  region size 4096K, 12 young (49152K), 0 survivors (0K)
}
Event: 3.416 {heap After GC invocations=1 (full 0):
 garbage-first heap   total reserved 6213632K, committed 393216K, used 3788K [0x0000000684c00000, 0x0000000800000000)
  region size 4096K, 1 young (4096K), 1 survivors (4096K)
}
Event: 9.642 {heap Before GC invocations=1 (full 0):
 garbage-first heap   total reserved 6213632K, committed 393216K, used 179916K [0x0000000684c00000, 0x0000000800000000)
  region size 4096K, 44 young (180224K), 1 survivors (4096K)
}
Event: 9.655 {heap After GC invocations=2 (full 0):
 garbage-first heap   total reserved 6213632K, committed 393216K, used 9250K [0x0000000684c00000, 0x0000000800000000)
  region size 4096K, 2 young (8192K), 2 survivors (8192K)
}
Event: 11.764 {heap Before GC invocations=2 (full 0):
 garbage-first heap   total reserved 6213632K, committed 393216K, used 42018K [0x0000000684c00000, 0x0000000800000000)
  region size 4096K, 11 young (45056K), 2 survivors (8192K)
}
Event: 11.772 {heap After GC invocations=3 (full 0):
 garbage-first heap   total reserved 6213632K, committed 393216K, used 11212K [0x0000000684c00000, 0x0000000800000000)
  region size 4096K, 3 young (12288K), 3 survivors (12288K)
}
Event: 14.206 {heap Before GC invocations=4 (full 0):
 garbage-first heap   total reserved 6213632K, committed 57344K, used 52172K [0x0000000684c00000, 0x0000000800000000)
  region size 4096K, 13 young (53248K), 3 survivors (12288K)
}
Event: 14.223 {heap After GC invocations=5 (full 0):
 garbage-first heap   total reserved 6213632K, committed 69632K, used 12019K [0x0000000684c00000, 0x0000000800000000)
  region size 4096K, 3 young (12288K), 3 survivors (12288K)
}
Event: 15.399 {heap Before GC invocations=5 (full 0):
 garbage-first heap   total reserved 6213632K, committed 69632K, used 40691K [0x0000000684c00000, 0x0000000800000000)
  region size 4096K, 10 young (40960K), 3 survivors (12288K)
}
Event: 15.423 {heap After GC invocations=6 (full 0):
 garbage-first heap   total reserved 6213632K, committed 69632K, used 12546K [0x0000000684c00000, 0x0000000800000000)
  region size 4096K, 1 young (4096K), 1 survivors (4096K)
}
Event: 17.974 {heap Before GC invocations=6 (full 0):
 garbage-first heap   total reserved 6213632K, committed 69632K, used 49410K [0x0000000684c00000, 0x0000000800000000)
  region size 4096K, 10 young (40960K), 1 survivors (4096K)
}
Event: 17.988 {heap After GC invocations=7 (full 0):
 garbage-first heap   total reserved 6213632K, committed 69632K, used 13517K [0x0000000684c00000, 0x0000000800000000)
  region size 4096K, 2 young (8192K), 2 survivors (8192K)
}

